<?xml version="1.0" encoding="UTF-8"?>
<testng-results skipped="0" failed="0" ignored="0" total="2" passed="2">
  <reporter-output>
  </reporter-output>
  <suite name="Suite" duration-ms="38048" started-at="2019-12-16T11:02:56Z" finished-at="2019-12-16T11:03:34Z">
    <groups>
    </groups>
    <test name="Test" duration-ms="38048" started-at="2019-12-16T11:02:56Z" finished-at="2019-12-16T11:03:34Z">
      <class name="oopsPOM1.LoginTest">
        <test-method status="PASS" signature="setup(java.lang.String)[pri:0, instance:oopsPOM1.LoginTest@3d8c7aca]" name="setup" is-config="true" duration-ms="19183" started-at="2019-12-16T11:02:56Z" finished-at="2019-12-16T11:03:15Z">
          <params>
            <param index="0">
              <value>
                <![CDATA[chrome]]>
              </value>
            </param>
          </params>
          <reporter-output>
          </reporter-output>
        </test-method> <!-- setup -->
        <test-method status="PASS" signature="verifyLoginpageTitle()[pri:1, instance:oopsPOM1.LoginTest@3d8c7aca]" name="verifyLoginpageTitle" duration-ms="126" started-at="2019-12-16T11:03:15Z" finished-at="2019-12-16T11:03:15Z">
          <reporter-output>
          </reporter-output>
        </test-method> <!-- verifyLoginpageTitle -->
        <test-method status="PASS" signature="tearDown()[pri:0, instance:oopsPOM1.LoginTest@3d8c7aca]" name="tearDown" is-config="true" duration-ms="1256" started-at="2019-12-16T11:03:15Z" finished-at="2019-12-16T11:03:16Z">
          <reporter-output>
          </reporter-output>
        </test-method> <!-- tearDown -->
        <test-method status="PASS" signature="setup(java.lang.String)[pri:0, instance:oopsPOM1.LoginTest@3d8c7aca]" name="setup" is-config="true" duration-ms="12803" started-at="2019-12-16T11:03:16Z" finished-at="2019-12-16T11:03:29Z">
          <params>
            <param index="0">
              <value>
                <![CDATA[chrome]]>
              </value>
            </param>
          </params>
          <reporter-output>
          </reporter-output>
        </test-method> <!-- setup -->
        <test-method status="PASS" signature="Login()[pri:2, instance:oopsPOM1.LoginTest@3d8c7aca]" name="Login" duration-ms="3936" started-at="2019-12-16T11:03:29Z" finished-at="2019-12-16T11:03:33Z">
          <reporter-output>
          </reporter-output>
        </test-method> <!-- Login -->
        <test-method status="PASS" signature="tearDown()[pri:0, instance:oopsPOM1.LoginTest@3d8c7aca]" name="tearDown" is-config="true" duration-ms="680" started-at="2019-12-16T11:03:33Z" finished-at="2019-12-16T11:03:34Z">
          <reporter-output>
          </reporter-output>
        </test-method> <!-- tearDown -->
      </class> <!-- oopsPOM1.LoginTest -->
    </test> <!-- Test -->
  </suite> <!-- Suite -->
</testng-results>
