<?xml version="1.0" encoding="UTF-8"?>
<testng-results skipped="0" failed="0" ignored="0" total="2" passed="2">
  <reporter-output>
  </reporter-output>
  <suite name="Suite" duration-ms="42670" started-at="2019-12-14T08:07:48Z" finished-at="2019-12-14T08:08:31Z">
    <groups>
    </groups>
    <test name="Test" duration-ms="42670" started-at="2019-12-14T08:07:48Z" finished-at="2019-12-14T08:08:31Z">
      <class name="oopsPOM1.LoginTest">
        <test-method status="PASS" signature="setup(java.lang.String)[pri:0, instance:oopsPOM1.LoginTest@6500df86]" name="setup" is-config="true" duration-ms="16878" started-at="2019-12-14T08:07:48Z" finished-at="2019-12-14T08:08:05Z">
          <params>
            <param index="0">
              <value>
                <![CDATA[chrome]]>
              </value>
            </param>
          </params>
          <reporter-output>
          </reporter-output>
        </test-method> <!-- setup -->
        <test-method status="PASS" signature="verifyLoginpageTitle()[pri:1, instance:oopsPOM1.LoginTest@6500df86]" name="verifyLoginpageTitle" duration-ms="56" started-at="2019-12-14T08:08:05Z" finished-at="2019-12-14T08:08:05Z">
          <reporter-output>
          </reporter-output>
        </test-method> <!-- verifyLoginpageTitle -->
        <test-method status="PASS" signature="tearDown()[pri:0, instance:oopsPOM1.LoginTest@6500df86]" name="tearDown" is-config="true" duration-ms="622" started-at="2019-12-14T08:08:05Z" finished-at="2019-12-14T08:08:06Z">
          <reporter-output>
          </reporter-output>
        </test-method> <!-- tearDown -->
        <test-method status="PASS" signature="setup(java.lang.String)[pri:0, instance:oopsPOM1.LoginTest@6500df86]" name="setup" is-config="true" duration-ms="12878" started-at="2019-12-14T08:08:06Z" finished-at="2019-12-14T08:08:19Z">
          <params>
            <param index="0">
              <value>
                <![CDATA[chrome]]>
              </value>
            </param>
          </params>
          <reporter-output>
          </reporter-output>
        </test-method> <!-- setup -->
        <test-method status="PASS" signature="Login()[pri:2, instance:oopsPOM1.LoginTest@6500df86]" name="Login" duration-ms="11433" started-at="2019-12-14T08:08:19Z" finished-at="2019-12-14T08:08:30Z">
          <reporter-output>
          </reporter-output>
        </test-method> <!-- Login -->
        <test-method status="PASS" signature="tearDown()[pri:0, instance:oopsPOM1.LoginTest@6500df86]" name="tearDown" is-config="true" duration-ms="765" started-at="2019-12-14T08:08:30Z" finished-at="2019-12-14T08:08:31Z">
          <reporter-output>
          </reporter-output>
        </test-method> <!-- tearDown -->
      </class> <!-- oopsPOM1.LoginTest -->
    </test> <!-- Test -->
  </suite> <!-- Suite -->
</testng-results>
